<?xml version="1.0" encoding="UTF-8"?>
<!-- Generated by org.testng.reporters.JUnitXMLReporter -->
<testsuite ignored="2" hostname="thispc" failures="1" tests="2" name="Test(failed)(failed)" time="59.582" errors="0" timestamp="2023-03-28T15:11:06 IST">
  <testcase classname="Bro" name="Chrome" time="0.021">
    <failure type="java.lang.NullPointerException" message="Cannot invoke &amp;quot;org.openqa.selenium.WebDriver.get(String)&amp;quot; because &amp;quot;BaseClass.Driver&amp;quot; is null">
      <![CDATA[java.lang.NullPointerException: Cannot invoke "org.openqa.selenium.WebDriver.get(String)" because "BaseClass.Driver" is null
at BaseClass.launchurl(BaseClass.java:48)
at Bro.Chrome(Bro.java:8)
at java.base/java.util.concurrent.ThreadPoolExecutor.runWorker(ThreadPoolExecutor.java:1136)
at java.base/java.util.concurrent.ThreadPoolExecutor$Worker.run(ThreadPoolExecutor.java:635)
at java.base/java.lang.Thread.run(Thread.java:833)
... Removed 12 stack frames]]>
    </failure>
  </testcase> <!-- Chrome -->
  <testcase classname="Paramaters" name="Edge" time="59.486"/>
  <testcase classname="Bro" name="Edge" time="0.0">
    <ignored/>
  </testcase> <!-- Edge -->
  <testcase classname="Paramaters" name="Chrome" time="0.0">
    <ignored/>
  </testcase> <!-- Chrome -->
</testsuite> <!-- Test(failed)(failed) -->
