<?xml version="1.0" encoding="UTF-8"?>
<!-- Generated by org.testng.reporters.JUnitXMLReporter -->
<testsuite ignored="0" hostname="thispc" failures="1" tests="1" name="Default test(failed)(failed)(failed)" time="8.049" errors="0" timestamp="2023-04-01T16:20:32 IST">
  <testcase classname="instagram" name="signup" time="7.937">
    <failure type="java.lang.NullPointerException" message="Cannot invoke &amp;quot;org.openqa.selenium.WebElement.sendKeys(java.lang.CharSequence[])&amp;quot; because the return value of &amp;quot;PomInstagram.getMobileNumber()&amp;quot; is null">
      <![CDATA[java.lang.NullPointerException: Cannot invoke "org.openqa.selenium.WebElement.sendKeys(java.lang.CharSequence[])" because the return value of "PomInstagram.getMobileNumber()" is null
at instagram.signup(instagram.java:12)
at java.base/java.util.ArrayList.forEach(ArrayList.java:1511)
... Removed 27 stack frames]]>
    </failure>
  </testcase> <!-- signup -->
</testsuite> <!-- Default test(failed)(failed)(failed) -->
